Memory Bank Sync Test Suite
===========================
Started at: Thu Nov 13 06:07:53 PM UTC 2025

Setting up test data...

Running Sync Engine Execution... [0;32mPASSED[0m
Running Data Transformation... [0;31mFAILED[0m
Running Validation System... Starting sync validation...
  Validating source data access...
    ‚úÖ Source data access validated
  Validating target directory structure...
    ‚ùå Required file missing: active-context.md
‚ùå Target structure validation failed
[0;31mFAILED[0m
Running Error Handling... Starting sync validation...
  Validating source data access...
    ‚ùå Source directory does not exist: /nonexistent/directory
‚ùå Source data validation failed
[0;32mPASSED[0m
Running Performance Test... [0;32mPASSED[0m

========================================
Test Results Summary
========================================
Tests Run: 5
Tests Passed: [0;32m3[0m
Tests Failed: [0;31m2[0m
[0;31m‚ùå Some tests failed. Check logs for details.[0m
========================================

Cleaning up test data...

Test suite completed at: Thu Nov 13 06:07:53 PM UTC 2025
